{"/home/fernando/Documentos/Projetos/NodeJS/dojo-novembro/src/hello.js":{"path":"/home/fernando/Documentos/Projetos/NodeJS/dojo-novembro/src/hello.js","s":{"1":1,"2":8,"3":8,"4":1,"5":4,"6":4,"7":4,"8":4,"9":4,"10":3,"11":1,"12":1},"b":{"1":[2,2],"2":[3,1]},"f":{"1":8,"2":4},"fnMap":{"1":{"name":"calculaHipotenusa","line":3,"loc":{"start":{"line":3,"column":0},"end":{"line":3,"column":45}}},"2":{"name":"verificaCaixa","line":9,"loc":{"start":{"line":9,"column":0},"end":{"line":9,"column":60}}}},"statementMap":{"1":{"start":{"line":3,"column":0},"end":{"line":7,"column":1}},"2":{"start":{"line":4,"column":1},"end":{"line":4,"column":67}},"3":{"start":{"line":6,"column":1},"end":{"line":6,"column":19}},"4":{"start":{"line":9,"column":0},"end":{"line":22,"column":1}},"5":{"start":{"line":10,"column":1},"end":{"line":10,"column":33}},"6":{"start":{"line":11,"column":1},"end":{"line":11,"column":54}},"7":{"start":{"line":13,"column":1},"end":{"line":13,"column":53}},"8":{"start":{"line":15,"column":1},"end":{"line":15,"column":56}},"9":{"start":{"line":17,"column":1},"end":{"line":21,"column":2}},"10":{"start":{"line":18,"column":2},"end":{"line":18,"column":13}},"11":{"start":{"line":20,"column":2},"end":{"line":20,"column":13}},"12":{"start":{"line":24,"column":0},"end":{"line":24,"column":45}}},"branchMap":{"1":{"line":15,"type":"cond-expr","locations":[{"start":{"line":15,"column":34},"end":{"line":15,"column":43}},{"start":{"line":15,"column":46},"end":{"line":15,"column":55}}]},"2":{"line":17,"type":"if","locations":[{"start":{"line":17,"column":1},"end":{"line":17,"column":1}},{"start":{"line":17,"column":1},"end":{"line":17,"column":1}}]}}}}