{"/home/fernando/Documentos/Projetos/NodeJS/dojo-novembro/src/hello.js":{"path":"/home/fernando/Documentos/Projetos/NodeJS/dojo-novembro/src/hello.js","s":{"1":1,"2":12,"3":12,"4":1,"5":4,"6":4,"7":4,"8":4,"9":4,"10":4,"11":1},"b":{"1":[3,1]},"f":{"1":12,"2":4},"fnMap":{"1":{"name":"calculaHipotenusa","line":3,"loc":{"start":{"line":3,"column":0},"end":{"line":3,"column":45}}},"2":{"name":"verificaCaixa","line":9,"loc":{"start":{"line":9,"column":0},"end":{"line":9,"column":60}}}},"statementMap":{"1":{"start":{"line":3,"column":0},"end":{"line":7,"column":1}},"2":{"start":{"line":4,"column":1},"end":{"line":4,"column":67}},"3":{"start":{"line":6,"column":1},"end":{"line":6,"column":19}},"4":{"start":{"line":9,"column":0},"end":{"line":22,"column":1}},"5":{"start":{"line":10,"column":1},"end":{"line":10,"column":44}},"6":{"start":{"line":12,"column":1},"end":{"line":12,"column":54}},"7":{"start":{"line":14,"column":1},"end":{"line":14,"column":53}},"8":{"start":{"line":16,"column":1},"end":{"line":16,"column":50}},"9":{"start":{"line":18,"column":1},"end":{"line":18,"column":51}},"10":{"start":{"line":20,"column":1},"end":{"line":20,"column":40}},"11":{"start":{"line":23,"column":0},"end":{"line":23,"column":45}}},"branchMap":{"1":{"line":20,"type":"cond-expr","locations":[{"start":{"line":20,"column":30},"end":{"line":20,"column":33}},{"start":{"line":20,"column":36},"end":{"line":20,"column":39}}]}}}}